<?xml version="1.0" encoding="UTF-8"?>
<robot generator="Robot 7.4.1 (Python 3.13.0 on darwin)" generated="2026-02-17T18:45:43.427011" rpa="false" schemaversion="5">
<suite id="s1" name="Formation-End-To-End-Checkout-Api" source="/Users/sullivan/Desktop/Tuto-Youtube/formation-robot-framework/robot-framework-with-python-automation-testing/test/formation-end-to-end-checkout-api.robot">
<test id="s1-t1" name="Add book into Library" line="24">
<kw name="Create Dictionary" owner="BuiltIn">
<msg time="2026-02-17T18:45:43.483407" level="INFO">&amp;{req_body} = { name=Robotframeworkeeee | isbn=21093829dd830128 | aisle=219333812398 | auth=rahushdddetty }</msg>
<var>&amp;{req_body}</var>
<arg>name=Robotframeworkeeee</arg>
<arg>isbn=21093829dd830128</arg>
<arg>aisle=219333812398</arg>
<arg>auth=rahushdddetty</arg>
<doc>Creates and returns a dictionary based on the given ``items``.</doc>
<status status="PASS" start="2026-02-17T18:45:43.483141" elapsed="0.000286"/>
</kw>
<kw name="POST" owner="RequestsLibrary">
<msg time="2026-02-17T18:45:43.912713" level="INFO">POST Request : url=https://rahulshettyacademy.com/Library/Addbook.php 
 path_url=/Library/Addbook.php 
 headers={'User-Agent': 'python-requests/2.32.5', 'Accept-Encoding': 'gzip, deflate', 'Accept': '*/*', 'Connection': 'keep-alive', 'Content-Length': '108', 'Content-Type': 'application/json'} 
 body=b'{"name": "Robotframeworkeeee", "isbn": "21093829dd830128", "aisle": "219333812398", "auth": "rahushdddetty"}' 
 </msg>
<msg time="2026-02-17T18:45:43.913101" level="INFO">POST Response : url=https://rahulshettyacademy.com/Library/Addbook.php 
 status=200, reason=OK 
 headers={'Date': 'Tue, 17 Feb 2026 17:45:43 GMT', 'Server': 'Apache/2.4.52 (Ubuntu)', 'Strict-Transport-Security': 'max-age=604800; includeSubDomains', 'Access-Control-Allow-Origin': '*', 'Access-Control-Allow-Methods': 'POST', 'Access-Control-Max-Age': '3600', 'Access-Control-Allow-Headers': 'Content-Type, Access-Control-Allow-Headers, Authorization, X-Requested-With', 'Content-Length': '0', 'Keep-Alive': 'timeout=5, max=100', 'Connection': 'Keep-Alive', 'Content-Type': 'application/json; charset=UTF-8'} 
 body=None 
 </msg>
<msg time="2026-02-17T18:45:43.913660" level="INFO">${response} = &lt;Response [200]&gt;</msg>
<var>${response}</var>
<arg>${MORTAGE_PAYMENT_URL}Library/Addbook.php</arg>
<arg>json=${req_body}</arg>
<arg>expected_status=200</arg>
<doc>Sends a POST request.</doc>
<status status="PASS" start="2026-02-17T18:45:43.483519" elapsed="0.430231"/>
</kw>
<kw name="Log" owner="BuiltIn">
<msg time="2026-02-17T18:45:43.915891" level="INFO"/>
<arg>${response.text}</arg>
<doc>Logs the given message with the given level.</doc>
<status status="PASS" start="2026-02-17T18:45:43.914374" elapsed="0.001579"/>
</kw>
<tag>SMOKE_API</tag>
<status status="PASS" start="2026-02-17T18:45:43.482671" elapsed="0.433510"/>
</test>
<status status="PASS" start="2026-02-17T18:45:43.427605" elapsed="0.489322"/>
</suite>
<statistics>
<total>
<stat pass="1" fail="0" skip="0">All Tests</stat>
</total>
<tag>
<stat pass="1" fail="0" skip="0">SMOKE_API</stat>
</tag>
<suite>
<stat name="Formation-End-To-End-Checkout-Api" id="s1" pass="1" fail="0" skip="0">Formation-End-To-End-Checkout-Api</stat>
</suite>
</statistics>
<errors>
<msg time="2026-02-17T18:45:43.425293" level="ERROR">Error in file '/Users/sullivan/Desktop/Tuto-Youtube/formation-robot-framework/robot-framework-with-python-automation-testing/test/formation-end-to-end-checkout-api.robot' on line 4: Non-existing setting 'Librayr'. Did you mean:
    Library</msg>
<msg time="2026-02-17T18:45:43.473618" level="ERROR">Error in file '/Users/sullivan/Desktop/Tuto-Youtube/formation-robot-framework/robot-framework-with-python-automation-testing/test/resource-formation-robot.robot' on line 4: Importing library 'SeleniumLibrary' failed: ModuleNotFoundError: No module named 'SeleniumLibrary'
Traceback (most recent call last):
  None
PYTHONPATH:
  /Users/sullivan/Desktop/Tuto-Youtube/formation-robot-framework/venv/bin
  /opt/homebrew/Cellar/python@3.13/3.13.0_1/Frameworks/Python.framework/Versions/3.13/lib/python313.zip
  /opt/homebrew/Cellar/python@3.13/3.13.0_1/Frameworks/Python.framework/Versions/3.13/lib/python3.13
  /opt/homebrew/Cellar/python@3.13/3.13.0_1/Frameworks/Python.framework/Versions/3.13/lib/python3.13/lib-dynload
  /Users/sullivan/Desktop/Tuto-Youtube/formation-robot-framework/venv/lib/python3.13/site-packages</msg>
<msg time="2026-02-17T18:45:43.477886" level="ERROR">Error in file '/Users/sullivan/Desktop/Tuto-Youtube/formation-robot-framework/robot-framework-with-python-automation-testing/test/formation-end-to-end-checkout-api.robot' on line 6: Importing library '/Users/sullivan/Desktop/Tuto-Youtube/formation-robot-framework/robot-framework-with-python-automation-testing/customLibrairies/Shop.py' failed: ModuleNotFoundError: No module named 'selenium'
Traceback (most recent call last):
  File "/Users/sullivan/Desktop/Tuto-Youtube/formation-robot-framework/robot-framework-with-python-automation-testing/customLibrairies/Shop.py", line 3, in &lt;module&gt;
    from selenium import webdriver
PYTHONPATH:
  /Users/sullivan/Desktop/Tuto-Youtube/formation-robot-framework/robot-framework-with-python-automation-testing/customLibrairies
  /Users/sullivan/Desktop/Tuto-Youtube/formation-robot-framework/venv/bin
  /opt/homebrew/Cellar/python@3.13/3.13.0_1/Frameworks/Python.framework/Versions/3.13/lib/python313.zip
  /opt/homebrew/Cellar/python@3.13/3.13.0_1/Frameworks/Python.framework/Versions/3.13/lib/python3.13
  /opt/homebrew/Cellar/python@3.13/3.13.0_1/Frameworks/Python.framework/Versions/3.13/lib/python3.13/lib-dynload
  /Users/sullivan/Desktop/Tuto-Youtube/formation-robot-framework/venv/lib/python3.13/site-packages</msg>
<msg time="2026-02-17T18:45:43.480365" level="ERROR">Error in file '/Users/sullivan/Desktop/Tuto-Youtube/formation-robot-framework/robot-framework-with-python-automation-testing/POM/GenericPage.robot' on line 3: Importing library 'SeleniumLibrary' failed: ModuleNotFoundError: No module named 'SeleniumLibrary'
Traceback (most recent call last):
  None
PYTHONPATH:
  /Users/sullivan/Desktop/Tuto-Youtube/formation-robot-framework/venv/bin
  /opt/homebrew/Cellar/python@3.13/3.13.0_1/Frameworks/Python.framework/Versions/3.13/lib/python313.zip
  /opt/homebrew/Cellar/python@3.13/3.13.0_1/Frameworks/Python.framework/Versions/3.13/lib/python3.13
  /opt/homebrew/Cellar/python@3.13/3.13.0_1/Frameworks/Python.framework/Versions/3.13/lib/python3.13/lib-dynload
  /Users/sullivan/Desktop/Tuto-Youtube/formation-robot-framework/venv/lib/python3.13/site-packages</msg>
<msg time="2026-02-17T18:45:43.481716" level="ERROR">Error in file '/Users/sullivan/Desktop/Tuto-Youtube/formation-robot-framework/robot-framework-with-python-automation-testing/POM/ShopPage.robot' on line 2: Importing library '/Users/sullivan/Desktop/Tuto-Youtube/formation-robot-framework/robot-framework-with-python-automation-testing/customLibrairies/Shop.py' failed: ModuleNotFoundError: No module named 'selenium'
Traceback (most recent call last):
  File "/Users/sullivan/Desktop/Tuto-Youtube/formation-robot-framework/robot-framework-with-python-automation-testing/customLibrairies/Shop.py", line 3, in &lt;module&gt;
    from selenium import webdriver
PYTHONPATH:
  /Users/sullivan/Desktop/Tuto-Youtube/formation-robot-framework/robot-framework-with-python-automation-testing/customLibrairies
  /Users/sullivan/Desktop/Tuto-Youtube/formation-robot-framework/venv/bin
  /opt/homebrew/Cellar/python@3.13/3.13.0_1/Frameworks/Python.framework/Versions/3.13/lib/python313.zip
  /opt/homebrew/Cellar/python@3.13/3.13.0_1/Frameworks/Python.framework/Versions/3.13/lib/python3.13
  /opt/homebrew/Cellar/python@3.13/3.13.0_1/Frameworks/Python.framework/Versions/3.13/lib/python3.13/lib-dynload
  /Users/sullivan/Desktop/Tuto-Youtube/formation-robot-framework/venv/lib/python3.13/site-packages</msg>
</errors>
</robot>
