<?xml version="1.0" encoding="UTF-8"?>
<robot generator="Robot 7.3.2 (Python 3.13.0 on darwin)" generated="2025-12-08T20:50:30.548304" rpa="false" schemaversion="5">
<suite id="s1" name="Tests" source="/Users/sullivan/Desktop/Tuto-Youtube/robot-framework/niveau-5.0/tests">
<suite id="s1-s1" name="Create Test-1" source="/Users/sullivan/Desktop/Tuto-Youtube/robot-framework/niveau-5.0/tests/create_test-1.robot">
<test id="s1-s1-t1" name="Create Data in Database" line="4">
<kw name="Setup Database" owner="setup_database">
<kw name="Load Json From File" owner="JSONLibrary">
<msg time="2025-12-08T20:50:30.601479" level="INFO">${json} = [{'id': '1', 'name': 'Product A', 'price': '10.99', 'stock': '100'}]</msg>
<var>${json}</var>
<arg>${DB_PATH}</arg>
<doc>Load JSON from file.</doc>
<status status="PASS" start="2025-12-08T20:50:30.600899" elapsed="0.000613"/>
</kw>
<kw name="Create List" owner="BuiltIn">
<msg time="2025-12-08T20:50:30.601699" level="INFO">${database} = []</msg>
<var>${database}</var>
<doc>Returns a list containing given items.</doc>
<status status="PASS" start="2025-12-08T20:50:30.601604" elapsed="0.000111"/>
</kw>
<kw name="Create Dictionary" owner="BuiltIn">
<msg time="2025-12-08T20:50:30.602074" level="INFO">${new_product} = {'id': '1', 'name': 'Product A', 'price': '10.99', 'stock': '100'}</msg>
<var>${new_product}</var>
<arg>id=${product_id}</arg>
<arg>name=${name}</arg>
<arg>price=${price}</arg>
<arg>stock=${stock}</arg>
<doc>Creates and returns a dictionary based on the given ``items``.</doc>
<status status="PASS" start="2025-12-08T20:50:30.601845" elapsed="0.000244"/>
</kw>
<kw name="Append To List" owner="Collections">
<arg>${database}</arg>
<arg>${new_product}</arg>
<doc>Adds ``values`` to the end of ``list``.</doc>
<status status="PASS" start="2025-12-08T20:50:30.602167" elapsed="0.000078"/>
</kw>
<kw name="Dump Json To File" owner="JSONLibrary">
<arg>${DB_PATH}</arg>
<arg>${database}</arg>
<doc>Dump JSON to file</doc>
<status status="PASS" start="2025-12-08T20:50:30.602293" elapsed="0.000394"/>
</kw>
<return>
<value>${database}</value>
<status status="PASS" start="2025-12-08T20:50:30.602723" elapsed="0.000043"/>
</return>
<msg time="2025-12-08T20:50:30.602847" level="INFO">${database} = [{'id': '1', 'name': 'Product A', 'price': '10.99', 'stock': '100'}]</msg>
<var>${database}</var>
<arg>1</arg>
<arg>Product A</arg>
<arg>10.99</arg>
<arg>100</arg>
<status status="PASS" start="2025-12-08T20:50:30.600309" elapsed="0.002552"/>
</kw>
<kw name="Log" owner="BuiltIn">
<msg time="2025-12-08T20:50:30.602997" level="INFO">Initial data created in the database. [{'id': '1', 'name': 'Product A', 'price': '10.99', 'stock': '100'}]</msg>
<arg>Initial data created in the database. ${database}</arg>
<doc>Logs the given message with the given level.</doc>
<status status="PASS" start="2025-12-08T20:50:30.602924" elapsed="0.000094"/>
</kw>
<doc>This test case creates initial data in the database.</doc>
<status status="PASS" start="2025-12-08T20:50:30.599898" elapsed="0.003182"/>
</test>
<status status="PASS" start="2025-12-08T20:50:30.561445" elapsed="0.041860"/>
</suite>
<status status="PASS" start="2025-12-08T20:50:30.555152" elapsed="0.048385"/>
</suite>
<statistics>
<total>
<stat pass="1" fail="0" skip="0">All Tests</stat>
</total>
<tag>
</tag>
<suite>
<stat name="Tests" id="s1" pass="1" fail="0" skip="0">Tests</stat>
<stat name="Create Test-1" id="s1-s1" pass="1" fail="0" skip="0">Tests.Create Test-1</stat>
</suite>
</statistics>
<errors>
</errors>
</robot>
