<?xml version="1.0" encoding="UTF-8"?>
<robot generator="Robot 7.3.2 (Python 3.13.0 on darwin)" generated="2025-12-08T20:50:30.551957" rpa="false" schemaversion="5">
<suite id="s1" name="Tests" source="/Users/sullivan/Desktop/Tuto-Youtube/robot-framework/niveau-5.0/tests">
<suite id="s1-s1" name="Create Test-3" source="/Users/sullivan/Desktop/Tuto-Youtube/robot-framework/niveau-5.0/tests/create_test-3.robot">
<test id="s1-s1-t1" name="Create Data in Database" line="4">
<kw name="Setup Database" owner="setup_database">
<kw name="Load Json From File" owner="JSONLibrary">
<msg time="2025-12-08T20:50:30.605265" level="INFO">${json} = [{'id': '4', 'name': 'Product D', 'price': '1.99', 'stock': '10'}]</msg>
<var>${json}</var>
<arg>${DB_PATH}</arg>
<doc>Load JSON from file.</doc>
<status status="PASS" start="2025-12-08T20:50:30.604973" elapsed="0.000322"/>
</kw>
<kw name="Create List" owner="BuiltIn">
<msg time="2025-12-08T20:50:30.605473" level="INFO">${database} = []</msg>
<var>${database}</var>
<doc>Returns a list containing given items.</doc>
<status status="PASS" start="2025-12-08T20:50:30.605389" elapsed="0.000099"/>
</kw>
<kw name="Create Dictionary" owner="BuiltIn">
<msg time="2025-12-08T20:50:30.605785" level="INFO">${new_product} = {'id': '5', 'name': 'Product K', 'price': '90.99', 'stock': '100'}</msg>
<var>${new_product}</var>
<arg>id=${product_id}</arg>
<arg>name=${name}</arg>
<arg>price=${price}</arg>
<arg>stock=${stock}</arg>
<doc>Creates and returns a dictionary based on the given ``items``.</doc>
<status status="PASS" start="2025-12-08T20:50:30.605550" elapsed="0.000250"/>
</kw>
<kw name="Append To List" owner="Collections">
<arg>${database}</arg>
<arg>${new_product}</arg>
<doc>Adds ``values`` to the end of ``list``.</doc>
<status status="PASS" start="2025-12-08T20:50:30.605859" elapsed="0.000076"/>
</kw>
<kw name="Dump Json To File" owner="JSONLibrary">
<arg>${DB_PATH}</arg>
<arg>${database}</arg>
<doc>Dump JSON to file</doc>
<status status="PASS" start="2025-12-08T20:50:30.605981" elapsed="0.000361"/>
</kw>
<return>
<value>${database}</value>
<status status="PASS" start="2025-12-08T20:50:30.606391" elapsed="0.000068"/>
</return>
<msg time="2025-12-08T20:50:30.606574" level="INFO">${database} = [{'id': '5', 'name': 'Product K', 'price': '90.99', 'stock': '100'}]</msg>
<var>${database}</var>
<arg>5</arg>
<arg>Product K</arg>
<arg>90.99</arg>
<arg>100</arg>
<status status="PASS" start="2025-12-08T20:50:30.604333" elapsed="0.002258"/>
</kw>
<kw name="Log" owner="BuiltIn">
<msg time="2025-12-08T20:50:30.606784" level="INFO">Initial data created in the database. [{'id': '5', 'name': 'Product K', 'price': '90.99', 'stock': '100'}]</msg>
<arg>Initial data created in the database. ${database}</arg>
<doc>Logs the given message with the given level.</doc>
<status status="PASS" start="2025-12-08T20:50:30.606677" elapsed="0.000130"/>
</kw>
<doc>This test case creates initial data in the database.</doc>
<status status="PASS" start="2025-12-08T20:50:30.603882" elapsed="0.003003"/>
</test>
<status status="PASS" start="2025-12-08T20:50:30.564666" elapsed="0.042508"/>
</suite>
<status status="PASS" start="2025-12-08T20:50:30.558748" elapsed="0.048713"/>
</suite>
<statistics>
<total>
<stat pass="1" fail="0" skip="0">All Tests</stat>
</total>
<tag>
</tag>
<suite>
<stat name="Tests" id="s1" pass="1" fail="0" skip="0">Tests</stat>
<stat name="Create Test-3" id="s1-s1" pass="1" fail="0" skip="0">Tests.Create Test-3</stat>
</suite>
</statistics>
<errors>
</errors>
</robot>
