<?xml version="1.0" encoding="UTF-8"?>
<robot generator="Robot 7.3.2 (Python 3.13.0 on darwin)" generated="2025-12-06T22:41:48.542111" rpa="false" schemaversion="5">
<suite id="s1" name="Tests" source="/Users/sullivan/Desktop/Tuto-Youtube/robot-framework/niveau-10/tests">
<suite id="s1-s1" name="Create Test-1" source="/Users/sullivan/Desktop/Tuto-Youtube/robot-framework/niveau-10/tests/create_test-1.robot">
<test id="s1-s1-t1" name="Create Data in Database" line="4">
<kw name="Setup Database" owner="setup_database">
<kw name="Load Json From File" owner="JSONLibrary">
<msg time="2025-12-06T22:41:48.602414" level="INFO">${json} = [{'id': '1', 'name': 'Product A', 'price': '10.99', 'stock': '100'}]</msg>
<var>${json}</var>
<arg>${DB_PATH}</arg>
<doc>Load JSON from file.</doc>
<status status="PASS" start="2025-12-06T22:41:48.602137" elapsed="0.000312"/>
</kw>
<kw name="Create List" owner="BuiltIn">
<msg time="2025-12-06T22:41:48.602646" level="INFO">${database} = []</msg>
<var>${database}</var>
<doc>Returns a list containing given items.</doc>
<status status="PASS" start="2025-12-06T22:41:48.602549" elapsed="0.000112"/>
</kw>
<kw name="Create Dictionary" owner="BuiltIn">
<msg time="2025-12-06T22:41:48.602931" level="INFO">${new_product} = {'id': '1', 'name': 'Product A', 'price': '10.99', 'stock': '100'}</msg>
<var>${new_product}</var>
<arg>id=${product_id}</arg>
<arg>name=${name}</arg>
<arg>price=${price}</arg>
<arg>stock=${stock}</arg>
<doc>Creates and returns a dictionary based on the given ``items``.</doc>
<status status="PASS" start="2025-12-06T22:41:48.602723" elapsed="0.000223"/>
</kw>
<kw name="Append To List" owner="Collections">
<arg>${database}</arg>
<arg>${new_product}</arg>
<doc>Adds ``values`` to the end of ``list``.</doc>
<status status="PASS" start="2025-12-06T22:41:48.603002" elapsed="0.000078"/>
</kw>
<kw name="Dump Json To File" owner="JSONLibrary">
<arg>${DB_PATH}</arg>
<arg>${database}</arg>
<doc>Dump JSON to file</doc>
<status status="PASS" start="2025-12-06T22:41:48.603126" elapsed="0.000451"/>
</kw>
<return>
<value>${database}</value>
<status status="PASS" start="2025-12-06T22:41:48.603618" elapsed="0.000049"/>
</return>
<msg time="2025-12-06T22:41:48.603753" level="INFO">${database} = [{'id': '1', 'name': 'Product A', 'price': '10.99', 'stock': '100'}]</msg>
<var>${database}</var>
<arg>1</arg>
<arg>Product A</arg>
<arg>10.99</arg>
<arg>100</arg>
<status status="PASS" start="2025-12-06T22:41:48.601532" elapsed="0.002238"/>
</kw>
<kw name="Log" owner="BuiltIn">
<msg time="2025-12-06T22:41:48.603902" level="INFO">Initial data created in the database. [{'id': '1', 'name': 'Product A', 'price': '10.99', 'stock': '100'}]</msg>
<arg>Initial data created in the database. ${database}</arg>
<doc>Logs the given message with the given level.</doc>
<status status="PASS" start="2025-12-06T22:41:48.603832" elapsed="0.000090"/>
</kw>
<doc>This test case creates initial data in the database.</doc>
<status status="PASS" start="2025-12-06T22:41:48.600893" elapsed="0.003086"/>
</test>
<status status="PASS" start="2025-12-06T22:41:48.555062" elapsed="0.049128"/>
</suite>
<status status="PASS" start="2025-12-06T22:41:48.548795" elapsed="0.055632"/>
</suite>
<statistics>
<total>
<stat pass="1" fail="0" skip="0">All Tests</stat>
</total>
<tag>
</tag>
<suite>
<stat name="Tests" id="s1" pass="1" fail="0" skip="0">Tests</stat>
<stat name="Create Test-1" id="s1-s1" pass="1" fail="0" skip="0">Tests.Create Test-1</stat>
</suite>
</statistics>
<errors>
</errors>
</robot>
