<?xml version="1.0" encoding="UTF-8"?>
<robot generator="Rebot 7.3.2 (Python 3.13.0 on darwin)" generated="2025-12-08T20:50:30.953118" rpa="false" schemaversion="5">
<suite id="s1" name="Tests" source="/Users/sullivan/Desktop/Tuto-Youtube/robot-framework/niveau-5.0/tests">
<suite id="s1-s1" name="Create Test-1" source="/Users/sullivan/Desktop/Tuto-Youtube/robot-framework/niveau-5.0/tests/create_test-1.robot">
<test id="s1-s1-t1" name="Create Data in Database" line="4">
<kw name="Setup Database" owner="setup_database">
<kw name="Load Json From File" owner="JSONLibrary">
<msg time="2025-12-08T20:50:30.601479" level="INFO">${json} = [{'id': '1', 'name': 'Product A', 'price': '10.99', 'stock': '100'}]</msg>
<var>${json}</var>
<arg>${DB_PATH}</arg>
<doc>Load JSON from file.</doc>
<status status="PASS" start="2025-12-08T20:50:30.600899" elapsed="0.000613"/>
</kw>
<kw name="Create List" owner="BuiltIn">
<msg time="2025-12-08T20:50:30.601699" level="INFO">${database} = []</msg>
<var>${database}</var>
<doc>Returns a list containing given items.</doc>
<status status="PASS" start="2025-12-08T20:50:30.601604" elapsed="0.000111"/>
</kw>
<kw name="Create Dictionary" owner="BuiltIn">
<msg time="2025-12-08T20:50:30.602074" level="INFO">${new_product} = {'id': '1', 'name': 'Product A', 'price': '10.99', 'stock': '100'}</msg>
<var>${new_product}</var>
<arg>id=${product_id}</arg>
<arg>name=${name}</arg>
<arg>price=${price}</arg>
<arg>stock=${stock}</arg>
<doc>Creates and returns a dictionary based on the given ``items``.</doc>
<status status="PASS" start="2025-12-08T20:50:30.601845" elapsed="0.000244"/>
</kw>
<kw name="Append To List" owner="Collections">
<arg>${database}</arg>
<arg>${new_product}</arg>
<doc>Adds ``values`` to the end of ``list``.</doc>
<status status="PASS" start="2025-12-08T20:50:30.602167" elapsed="0.000078"/>
</kw>
<kw name="Dump Json To File" owner="JSONLibrary">
<arg>${DB_PATH}</arg>
<arg>${database}</arg>
<doc>Dump JSON to file</doc>
<status status="PASS" start="2025-12-08T20:50:30.602293" elapsed="0.000394"/>
</kw>
<return>
<value>${database}</value>
<status status="PASS" start="2025-12-08T20:50:30.602723" elapsed="0.000043"/>
</return>
<msg time="2025-12-08T20:50:30.602847" level="INFO">${database} = [{'id': '1', 'name': 'Product A', 'price': '10.99', 'stock': '100'}]</msg>
<var>${database}</var>
<arg>1</arg>
<arg>Product A</arg>
<arg>10.99</arg>
<arg>100</arg>
<status status="PASS" start="2025-12-08T20:50:30.600309" elapsed="0.002552"/>
</kw>
<kw name="Log" owner="BuiltIn">
<msg time="2025-12-08T20:50:30.602997" level="INFO">Initial data created in the database. [{'id': '1', 'name': 'Product A', 'price': '10.99', 'stock': '100'}]</msg>
<arg>Initial data created in the database. ${database}</arg>
<doc>Logs the given message with the given level.</doc>
<status status="PASS" start="2025-12-08T20:50:30.602924" elapsed="0.000094"/>
</kw>
<doc>This test case creates initial data in the database.</doc>
<status status="PASS" start="2025-12-08T20:50:30.599898" elapsed="0.003182"/>
</test>
<status status="PASS" start="2025-12-08T20:50:30.561000" elapsed="0.003000"/>
</suite>
<suite id="s1-s2" name="Create Test-2" source="/Users/sullivan/Desktop/Tuto-Youtube/robot-framework/niveau-5.0/tests/create_test-2.robot">
<test id="s1-s2-t1" name="Create Data in Database" line="4">
<kw name="Setup Database" owner="setup_database">
<kw name="Load Json From File" owner="JSONLibrary">
<msg time="2025-12-08T20:50:30.601476" level="INFO">${json} = [{'id': '1', 'name': 'Product A', 'price': '10.99', 'stock': '100'}]</msg>
<var>${json}</var>
<arg>${DB_PATH}</arg>
<doc>Load JSON from file.</doc>
<status status="PASS" start="2025-12-08T20:50:30.601124" elapsed="0.000377"/>
</kw>
<kw name="Create List" owner="BuiltIn">
<msg time="2025-12-08T20:50:30.601663" level="INFO">${database} = []</msg>
<var>${database}</var>
<doc>Returns a list containing given items.</doc>
<status status="PASS" start="2025-12-08T20:50:30.601585" elapsed="0.000092"/>
</kw>
<kw name="Create Dictionary" owner="BuiltIn">
<msg time="2025-12-08T20:50:30.602118" level="INFO">${new_product} = {'id': '2', 'name': 'Product B', 'price': '20.99', 'stock': '400'}</msg>
<var>${new_product}</var>
<arg>id=${product_id}</arg>
<arg>name=${name}</arg>
<arg>price=${price}</arg>
<arg>stock=${stock}</arg>
<doc>Creates and returns a dictionary based on the given ``items``.</doc>
<status status="PASS" start="2025-12-08T20:50:30.601739" elapsed="0.000399"/>
</kw>
<kw name="Append To List" owner="Collections">
<arg>${database}</arg>
<arg>${new_product}</arg>
<doc>Adds ``values`` to the end of ``list``.</doc>
<status status="PASS" start="2025-12-08T20:50:30.602209" elapsed="0.000091"/>
</kw>
<kw name="Dump Json To File" owner="JSONLibrary">
<arg>${DB_PATH}</arg>
<arg>${database}</arg>
<doc>Dump JSON to file</doc>
<status status="PASS" start="2025-12-08T20:50:30.602353" elapsed="0.000384"/>
</kw>
<return>
<value>${database}</value>
<status status="PASS" start="2025-12-08T20:50:30.602800" elapsed="0.000068"/>
</return>
<msg time="2025-12-08T20:50:30.602976" level="INFO">${database} = [{'id': '2', 'name': 'Product B', 'price': '20.99', 'stock': '400'}]</msg>
<var>${database}</var>
<arg>2</arg>
<arg>Product B</arg>
<arg>20.99</arg>
<arg>400</arg>
<status status="PASS" start="2025-12-08T20:50:30.600539" elapsed="0.002453"/>
</kw>
<kw name="Log" owner="BuiltIn">
<msg time="2025-12-08T20:50:30.603145" level="INFO">Initial data created in the database. [{'id': '2', 'name': 'Product B', 'price': '20.99', 'stock': '400'}]</msg>
<arg>Initial data created in the database. ${database}</arg>
<doc>Logs the given message with the given level.</doc>
<status status="PASS" start="2025-12-08T20:50:30.603060" elapsed="0.000117"/>
</kw>
<doc>This test case creates initial data in the database.</doc>
<status status="PASS" start="2025-12-08T20:50:30.600131" elapsed="0.003112"/>
</test>
<status status="PASS" start="2025-12-08T20:50:30.560516" elapsed="0.042942"/>
</suite>
<suite id="s1-s3" name="Create Test-3" source="/Users/sullivan/Desktop/Tuto-Youtube/robot-framework/niveau-5.0/tests/create_test-3.robot">
<test id="s1-s3-t1" name="Create Data in Database" line="4">
<kw name="Setup Database" owner="setup_database">
<kw name="Load Json From File" owner="JSONLibrary">
<msg time="2025-12-08T20:50:30.605265" level="INFO">${json} = [{'id': '4', 'name': 'Product D', 'price': '1.99', 'stock': '10'}]</msg>
<var>${json}</var>
<arg>${DB_PATH}</arg>
<doc>Load JSON from file.</doc>
<status status="PASS" start="2025-12-08T20:50:30.604973" elapsed="0.000322"/>
</kw>
<kw name="Create List" owner="BuiltIn">
<msg time="2025-12-08T20:50:30.605473" level="INFO">${database} = []</msg>
<var>${database}</var>
<doc>Returns a list containing given items.</doc>
<status status="PASS" start="2025-12-08T20:50:30.605389" elapsed="0.000099"/>
</kw>
<kw name="Create Dictionary" owner="BuiltIn">
<msg time="2025-12-08T20:50:30.605785" level="INFO">${new_product} = {'id': '5', 'name': 'Product K', 'price': '90.99', 'stock': '100'}</msg>
<var>${new_product}</var>
<arg>id=${product_id}</arg>
<arg>name=${name}</arg>
<arg>price=${price}</arg>
<arg>stock=${stock}</arg>
<doc>Creates and returns a dictionary based on the given ``items``.</doc>
<status status="PASS" start="2025-12-08T20:50:30.605550" elapsed="0.000250"/>
</kw>
<kw name="Append To List" owner="Collections">
<arg>${database}</arg>
<arg>${new_product}</arg>
<doc>Adds ``values`` to the end of ``list``.</doc>
<status status="PASS" start="2025-12-08T20:50:30.605859" elapsed="0.000076"/>
</kw>
<kw name="Dump Json To File" owner="JSONLibrary">
<arg>${DB_PATH}</arg>
<arg>${database}</arg>
<doc>Dump JSON to file</doc>
<status status="PASS" start="2025-12-08T20:50:30.605981" elapsed="0.000361"/>
</kw>
<return>
<value>${database}</value>
<status status="PASS" start="2025-12-08T20:50:30.606391" elapsed="0.000068"/>
</return>
<msg time="2025-12-08T20:50:30.606574" level="INFO">${database} = [{'id': '5', 'name': 'Product K', 'price': '90.99', 'stock': '100'}]</msg>
<var>${database}</var>
<arg>5</arg>
<arg>Product K</arg>
<arg>90.99</arg>
<arg>100</arg>
<status status="PASS" start="2025-12-08T20:50:30.604333" elapsed="0.002258"/>
</kw>
<kw name="Log" owner="BuiltIn">
<msg time="2025-12-08T20:50:30.606784" level="INFO">Initial data created in the database. [{'id': '5', 'name': 'Product K', 'price': '90.99', 'stock': '100'}]</msg>
<arg>Initial data created in the database. ${database}</arg>
<doc>Logs the given message with the given level.</doc>
<status status="PASS" start="2025-12-08T20:50:30.606677" elapsed="0.000130"/>
</kw>
<doc>This test case creates initial data in the database.</doc>
<status status="PASS" start="2025-12-08T20:50:30.603882" elapsed="0.003003"/>
</test>
<status status="PASS" start="2025-12-08T20:50:30.564666" elapsed="0.042508"/>
</suite>
<suite id="s1-s4" name="Create Test-4" source="/Users/sullivan/Desktop/Tuto-Youtube/robot-framework/niveau-5.0/tests/create_test-4.robot">
<test id="s1-s4-t1" name="Create Data in Database" line="4">
<kw name="Setup Database" owner="setup_database">
<kw name="Load Json From File" owner="JSONLibrary">
<msg time="2025-12-08T20:50:30.601732" level="INFO">${json} = [{'id': '1', 'name': 'Product A', 'price': '10.99', 'stock': '100'}]</msg>
<var>${json}</var>
<arg>${DB_PATH}</arg>
<doc>Load JSON from file.</doc>
<status status="PASS" start="2025-12-08T20:50:30.601464" elapsed="0.000293"/>
</kw>
<kw name="Create List" owner="BuiltIn">
<msg time="2025-12-08T20:50:30.601917" level="INFO">${database} = []</msg>
<var>${database}</var>
<doc>Returns a list containing given items.</doc>
<status status="PASS" start="2025-12-08T20:50:30.601838" elapsed="0.000093"/>
</kw>
<kw name="Create Dictionary" owner="BuiltIn">
<msg time="2025-12-08T20:50:30.602410" level="INFO">${new_product} = {'id': '4', 'name': 'Product D', 'price': '1.99', 'stock': '10'}</msg>
<var>${new_product}</var>
<arg>id=${product_id}</arg>
<arg>name=${name}</arg>
<arg>price=${price}</arg>
<arg>stock=${stock}</arg>
<doc>Creates and returns a dictionary based on the given ``items``.</doc>
<status status="PASS" start="2025-12-08T20:50:30.601993" elapsed="0.000433"/>
</kw>
<kw name="Append To List" owner="Collections">
<arg>${database}</arg>
<arg>${new_product}</arg>
<doc>Adds ``values`` to the end of ``list``.</doc>
<status status="PASS" start="2025-12-08T20:50:30.602485" elapsed="0.000071"/>
</kw>
<kw name="Dump Json To File" owner="JSONLibrary">
<arg>${DB_PATH}</arg>
<arg>${database}</arg>
<doc>Dump JSON to file</doc>
<status status="PASS" start="2025-12-08T20:50:30.602602" elapsed="0.000234"/>
</kw>
<return>
<value>${database}</value>
<status status="PASS" start="2025-12-08T20:50:30.602884" elapsed="0.000047"/>
</return>
<msg time="2025-12-08T20:50:30.603023" level="INFO">${database} = [{'id': '4', 'name': 'Product D', 'price': '1.99', 'stock': '10'}]</msg>
<var>${database}</var>
<arg>4</arg>
<arg>Product D</arg>
<arg>1.99</arg>
<arg>10</arg>
<status status="PASS" start="2025-12-08T20:50:30.600695" elapsed="0.002343"/>
</kw>
<kw name="Log" owner="BuiltIn">
<msg time="2025-12-08T20:50:30.603191" level="INFO">Initial data created in the database. [{'id': '4', 'name': 'Product D', 'price': '1.99', 'stock': '10'}]</msg>
<arg>Initial data created in the database. ${database}</arg>
<doc>Logs the given message with the given level.</doc>
<status status="PASS" start="2025-12-08T20:50:30.603108" elapsed="0.000105"/>
</kw>
<doc>This test case creates initial data in the database.</doc>
<status status="PASS" start="2025-12-08T20:50:30.600203" elapsed="0.003071"/>
</test>
<status status="PASS" start="2025-12-08T20:50:30.560915" elapsed="0.042573"/>
</suite>
<doc>[https://pabot.org/?ref=log|Pabot] result from 4 executions.</doc>
<status status="PASS" start="2025-12-08T20:50:30.554000" elapsed="0.053000"/>
</suite>
<statistics>
<total>
<stat pass="4" fail="0" skip="0">All Tests</stat>
</total>
<tag>
</tag>
<suite>
<stat name="Tests" id="s1" pass="4" fail="0" skip="0">Tests</stat>
<stat name="Create Test-1" id="s1-s1" pass="1" fail="0" skip="0">Tests.Create Test-1</stat>
<stat name="Create Test-2" id="s1-s2" pass="1" fail="0" skip="0">Tests.Create Test-2</stat>
<stat name="Create Test-3" id="s1-s3" pass="1" fail="0" skip="0">Tests.Create Test-3</stat>
<stat name="Create Test-4" id="s1-s4" pass="1" fail="0" skip="0">Tests.Create Test-4</stat>
</suite>
</statistics>
<errors>
</errors>
</robot>
