<?xml version="1.0" encoding="UTF-8"?>
<robot generator="Robot 7.3.2 (Python 3.13.0 on darwin)" generated="2025-12-08T17:44:53.333013" rpa="false" schemaversion="5">
<suite id="s1" name="Tuto-Youtube" source="/Users/sullivan/Desktop/Tuto-Youtube">
<suite id="s1-s1" name="Robot-Framework" source="/Users/sullivan/Desktop/Tuto-Youtube/robot-framework">
<suite id="s1-s1-s1" name="Niveau-2" source="/Users/sullivan/Desktop/Tuto-Youtube/robot-framework/niveau-2">
<suite id="s1-s1-s1-s1" name="Variables" source="/Users/sullivan/Desktop/Tuto-Youtube/robot-framework/niveau-2/variables.robot">
<test id="s1-s1-s1-s1-t1" name="Seccond_operation" line="20">
<kw name="Add Numbers">
<kw name="Evaluate" owner="BuiltIn">
<msg time="2025-12-08T17:44:53.358468" level="INFO">${SUM} = 12</msg>
<var>${SUM}</var>
<arg>${A} + ${B}</arg>
<doc>Evaluates the given expression in Python and returns the result.</doc>
<status status="PASS" start="2025-12-08T17:44:53.358270" elapsed="0.000256"/>
</kw>
<if>
<branch type="IF" condition="${SUM} &gt; 10">
<kw name="Log" owner="BuiltIn">
<msg time="2025-12-08T17:44:53.358849" level="INFO">The sum is greater than 10: 12</msg>
<arg>The sum is greater than 10: ${SUM}</arg>
<doc>Logs the given message with the given level.</doc>
<status status="PASS" start="2025-12-08T17:44:53.358730" elapsed="0.000171"/>
</kw>
<status status="PASS" start="2025-12-08T17:44:53.358617" elapsed="0.000324"/>
</branch>
<branch type="ELSE">
<kw name="Log" owner="BuiltIn">
<arg>The sum is 10 or less: ${SUM}</arg>
<doc>Logs the given message with the given level.</doc>
<status status="NOT RUN" start="2025-12-08T17:44:53.359030" elapsed="0.000037"/>
</kw>
<status status="NOT RUN" start="2025-12-08T17:44:53.358968" elapsed="0.000129"/>
</branch>
<status status="PASS" start="2025-12-08T17:44:53.358600" elapsed="0.000518"/>
</if>
<arg>5</arg>
<arg>7</arg>
<status status="PASS" start="2025-12-08T17:44:53.357958" elapsed="0.001190"/>
</kw>
<status status="PASS" start="2025-12-08T17:44:53.356342" elapsed="0.003090"/>
</test>
<status status="PASS" start="2025-12-08T17:44:53.354840" elapsed="0.007010"/>
</suite>
<status status="PASS" start="2025-12-08T17:44:53.353117" elapsed="0.010187"/>
</suite>
<status status="PASS" start="2025-12-08T17:44:53.350670" elapsed="0.016645"/>
</suite>
<status status="PASS" start="2025-12-08T17:44:53.337596" elapsed="0.031086"/>
</suite>
<statistics>
<total>
<stat pass="1" fail="0" skip="0">All Tests</stat>
</total>
<tag>
</tag>
<suite>
<stat name="Tuto-Youtube" id="s1" pass="1" fail="0" skip="0">Tuto-Youtube</stat>
<stat name="Robot-Framework" id="s1-s1" pass="1" fail="0" skip="0">Tuto-Youtube.Robot-Framework</stat>
<stat name="Niveau-2" id="s1-s1-s1" pass="1" fail="0" skip="0">Tuto-Youtube.Robot-Framework.Niveau-2</stat>
<stat name="Variables" id="s1-s1-s1-s1" pass="1" fail="0" skip="0">Tuto-Youtube.Robot-Framework.Niveau-2.Variables</stat>
</suite>
</statistics>
<errors>
</errors>
</robot>
